<?xml version="1.0" encoding="UTF-8"?>
<!-- Generated by org.testng.reporters.JUnitReportReporter -->
<testsuite hostname="RaghavPC" failures="0" tests="5" name="two.fulltest" time="37.866" errors="0" timestamp="2021-06-18T21:01:54 IST" skipped="0">
  <testcase classname="two.fulltest" name="openingpage" time="5.563"/>
  <system-out/>
  <testcase classname="two.fulltest" name="clickingoption" time="1.627"/>
  <system-out/>
  <testcase classname="two.fulltest" name="runningscreendown" time="5.103"/>
  <system-out/>
  <testcase classname="two.fulltest" name="fillingoptions" time="16.665"/>
  <system-out/>
  <testcase classname="two.fulltest" name="closingthewindow" time="8.908"/>
  <system-out/>
</testsuite> <!-- two.fulltest -->
