<?xml version="1.0" encoding="UTF-8"?>
<!-- Generated by org.testng.reporters.JUnitReportReporter -->
<testsuite hostname="RaghavPC" failures="0" tests="1" name="One.firstMaventest" time="0.006" errors="0" timestamp="2021-06-18T09:54:13 IST" skipped="0">
  <testcase classname="One.firstMaventest" name="f" time="0.006"/>
  <system-out/>
</testsuite> <!-- One.firstMaventest -->
