<?xml version="1.0" encoding="UTF-8"?>
<!-- Generated by org.testng.reporters.JUnitReportReporter -->
<testsuite hostname="RaghavPC" failures="0" tests="5" name="stepbystep.openpage" time="42.353" errors="0" timestamp="2021-06-19T22:17:07 IST" skipped="0">
  <testcase classname="stepbystep.openpage" name="openingtheWebPage" time="5.003"/>
  <system-out/>
  <testcase classname="stepbystep.openpage" name="selectingFlights" time="0.868"/>
  <system-out/>
  <testcase classname="stepbystep.openpage" name="scroll" time="0.111"/>
  <system-out/>
  <testcase classname="stepbystep.openpage" name="selectingoptions" time="27.088"/>
  <system-out/>
  <testcase classname="stepbystep.openpage" name="closingwindow" time="9.283"/>
  <system-out/>
</testsuite> <!-- stepbystep.openpage -->
